Running: /opt/Xilinx/14.7/ISE_DS/ISE/bin/lin64/unwrapped/fuse -intstyle ise -incremental -lib unisims_ver -lib unimacro_ver -lib xilinxcorelib_ver -lib secureip -o /media/shared/shared folder/P7/P7_mips/mips_txt_isim_beh.exe -prj /media/shared/shared folder/P7/P7_mips/mips_txt_beh.prj work.mips_txt work.glbl 
ISim P.20131013 (signature 0xfbc00daa)
Number of CPUs detected in this system: 1
Turning on mult-threading, number of parallel sub-compilation jobs: 0 
Determining compilation order of HDL files
Analyzing Verilog file "/media/shared/shared folder/P7/P7_mips/NPC.v" into library work
Analyzing Verilog file "/media/shared/shared folder/P7/P7_mips/M_EXT.v" into library work
Analyzing Verilog file "/media/shared/shared folder/P7/P7_mips/M_Adv_Controller.v" into library work
Analyzing Verilog file "/media/shared/shared folder/P7/P7_mips/MULT_DIV.v" into library work
Analyzing Verilog file "/media/shared/shared folder/P7/P7_mips/MtoW.v" into library work
Analyzing Verilog file "/media/shared/shared folder/P7/P7_mips/GRF_WD.v" into library work
Analyzing Verilog file "/media/shared/shared folder/P7/P7_mips/GRF_Waddr.v" into library work
Analyzing Verilog file "/media/shared/shared folder/P7/P7_mips/GRF.v" into library work
Analyzing Verilog file "/media/shared/shared folder/P7/P7_mips/FtoD.v" into library work
Analyzing Verilog file "/media/shared/shared folder/P7/P7_mips/E_Adv_Controller.v" into library work
Analyzing Verilog file "/media/shared/shared folder/P7/P7_mips/EXT.v" into library work
Analyzing Verilog file "/media/shared/shared folder/P7/P7_mips/EtoM.v" into library work
Analyzing Verilog file "/media/shared/shared folder/P7/P7_mips/D_Adv_Controller.v" into library work
Analyzing Verilog file "/media/shared/shared folder/P7/P7_mips/DtoE.v" into library work
Analyzing Verilog file "/media/shared/shared folder/P7/P7_mips/CP0.v" into library work
Analyzing Verilog file "/media/shared/shared folder/P7/P7_mips/Controller.v" into library work
Analyzing Verilog file "/media/shared/shared folder/P7/P7_mips/ALU.v" into library work
Analyzing Verilog file "/media/shared/shared folder/P7/P7_mips/Adv_MUX.v" into library work
Analyzing Verilog file "/media/shared/shared folder/P7/P7_mips/P7_standard_timer_2019.v" into library work
Analyzing Verilog file "/media/shared/shared folder/P7/P7_mips/CPU.v" into library work
Analyzing Verilog file "/media/shared/shared folder/P7/P7_mips/Bridge.v" into library work
Analyzing Verilog file "/media/shared/shared folder/P7/P7_mips/mips.v" into library work
Analyzing Verilog file "/media/shared/shared folder/P7/P7_mips/mips_txt.v" into library work
Analyzing Verilog file "/opt/Xilinx/14.7/ISE_DS/ISE//verilog/src/glbl.v" into library work
Starting static elaboration
Completed static elaboration
Fuse Memory Usage: 83712 KB
Fuse CPU Usage: 2770 ms
Compiling module FtoD
Compiling module Controller
Compiling module EXT
Compiling module GRF
Compiling module D_Adv_Controller
Compiling module Adv_MUX
Compiling module NPC
Compiling module DtoE
Compiling module E_Adv_Controller
Compiling module ALU
Compiling module MULT_DIV
Compiling module GRF_Waddr
Compiling module EtoM
Compiling module M_Adv_Controller
Compiling module M_EXT
Compiling module CP0
Compiling module MtoW
Compiling module GRF_WD
Compiling module CPU
Compiling module Bridge
Compiling module TC
Compiling module mips
Compiling module mips_txt
Compiling module glbl
Time Resolution for simulation is 1ps.
Compiled 24 Verilog Units
Built simulation executable /media/shared/shared folder/P7/P7_mips/mips_txt_isim_beh.exe
Fuse Memory Usage: 90332 KB
Fuse CPU Usage: 3010 ms
GCC CPU Usage: 5470 ms
