ISim log file
Running: /media/shared/shared folder/P7/P7_mips/mips_txt_isim_beh.exe -intstyle ise -gui -tclbatch isim.cmd -wdb /media/shared/shared folder/P7/P7_mips/mips_txt_isim_beh.wdb 
ISim P.20131013 (signature 0xfbc00daa)
----------------------------------------------------------------------
WARNING:Security:42 - Your software subscription period has lapsed. Your current version of Xilinx tools will continue to function, but you no longer qualify for Xilinx software updates or new releases.


----------------------------------------------------------------------
This is a Full version of ISim.
Time resolution is 1 ps
# onerror resume
# wave add /
# run 1000 ns
Simulator is doing circuit initialization process.
Finished circuit initialization process.
                  38@00003000: $28 <= 00001800
                  42@00003004: $29 <= 00002ffc
                  46@00003008: $ 9 <= 5e570000
                  50@0000300c: $15 <= 22e90000
                  70@00004180: $26 <= 00000002
                  78@00004184: $26 <= 00000002
                  94@00004190: $26 <= 00001000
                  98@00004198: *00000f74 <= 00002ffc
                  98@00004194: $26 <= 00000f00
                 106@000041a0: *00000f20 <= 00000000
                 106@0000419c: $29 <= 00000f00
                 110@000041a4: *00000f24 <= 5e570000
                 114@000041a8: *00000f7c <= 00000000
                 122@000041ac: $26 <= 00000000
                 126@000041b4: *00000f80 <= 00000000
                 126@000041b0: $27 <= 00000000
                 130@000041b8: *00000f84 <= 00000000
                 138@000041bc: $31 <= 000041c4
                 146@000041c4: $26 <= 00001030
                 150@000041c8: $27 <= 80000000
                 154@000041cc: $ 8 <= 00000000
                 170@000041d8: $31 <= 000041e0
                 174@000041dc: $27 <= 00003010
                 178@000041e8: $27 <= 0000007c
                 182@000041ec: $26 <= 00000030
                 198@000041f8: $27 <= 00000010
                 214@00004204: $31 <= 0000420c
                 222@0000425c: $26 <= 00003010
                 230@00004260: $26 <= 00003014
                 238@00004268: $31 <= 00004270
                 246@000042c4: $ 8 <= 00000000
                 250@000042c8: $ 9 <= 5e570000
                 254@000042cc: $26 <= 00000000
                 258@000042d0: $27 <= 00000000
                 262@000042d4: $31 <= 00000000
                 278@000042e0: $29 <= 00002ffc
                 298@00003014: $ 9 <= 7fff0000
                 302@00003018: $ 9 <= 7fff7fff
                 306@0000301c: $ 9 <= 7ffffffe
                 326@00004180: $26 <= 00000002
                 334@00004184: $26 <= 00000002
                 350@00004190: $26 <= 00001000
                 354@00004198: *00000f74 <= 00002ffc
                 354@00004194: $26 <= 00000f00
                 362@000041a0: *00000f20 <= 00000000
                 362@0000419c: $29 <= 00000f00
                 366@000041a4: *00000f24 <= 7ffffffe
                 370@000041a8: *00000f7c <= 00000000
                 378@000041ac: $26 <= 00000000
                 382@000041b4: *00000f80 <= 00000000
                 382@000041b0: $27 <= 00000000
                 386@000041b8: *00000f84 <= 00000000
                 394@000041bc: $31 <= 000041c4
                 402@000041c4: $26 <= 00001030
                 406@000041c8: $27 <= 80000000
                 410@000041cc: $ 8 <= 00000000
                 426@000041d8: $31 <= 000041e0
                 430@000041dc: $27 <= 00003020
                 434@000041e8: $27 <= 0000007c
                 438@000041ec: $26 <= 00000030
                 454@000041f8: $27 <= 00000010
                 470@00004204: $31 <= 0000420c
                 478@0000425c: $26 <= 00003020
                 486@00004260: $26 <= 00003024
                 494@00004268: $31 <= 00004270
                 502@000042c4: $ 8 <= 00000000
                 506@000042c8: $ 9 <= 7ffffffe
                 510@000042cc: $26 <= 00000000
                 514@000042d0: $27 <= 00000000
                 518@000042d4: $31 <= 00000000
                 534@000042e0: $29 <= 00002ffc
                 554@00003024: $ 9 <= 855f0000
                 558@00003028: $15 <= 781a0000
                 578@00004180: $26 <= 00000002
                 586@00004184: $26 <= 00000002
                 602@00004190: $26 <= 00001000
                 606@00004198: *00000f74 <= 00002ffc
                 606@00004194: $26 <= 00000f00
                 614@000041a0: *00000f20 <= 00000000
                 614@0000419c: $29 <= 00000f00
                 618@000041a4: *00000f24 <= 855f0000
                 622@000041a8: *00000f7c <= 00000000
                 630@000041ac: $26 <= 00000000
                 634@000041b4: *00000f80 <= 00000000
                 634@000041b0: $27 <= 00000000
                 638@000041b8: *00000f84 <= 00000000
                 646@000041bc: $31 <= 000041c4
                 654@000041c4: $26 <= 00001030
                 658@000041c8: $27 <= 80000000
                 662@000041cc: $ 8 <= 00000000
                 678@000041d8: $31 <= 000041e0
                 682@000041dc: $27 <= 0000302c
                 686@000041e8: $27 <= 0000007c
                 690@000041ec: $26 <= 00000030
                 706@000041f8: $27 <= 00000010
                 722@00004204: $31 <= 0000420c
                 730@0000425c: $26 <= 0000302c
                 738@00004260: $26 <= 00003030
                 746@00004268: $31 <= 00004270
                 754@000042c4: $ 8 <= 00000000
                 758@000042c8: $ 9 <= 855f0000
                 762@000042cc: $26 <= 00000000
                 766@000042d0: $27 <= 00000000
                 770@000042d4: $31 <= 00000000
                 786@000042e0: $29 <= 00002ffc
                 810@00003034: $21 <= 00000000
                 814@0000303c: *00001c10 <= 00000000
                 814@00003038: $15 <= 00002eec
                 822@00003040: $12 <= 00006844
                 826@00003044: $10 <= 00000000
                 838@0000304c: $18 <= a1da0000
                 842@00003050: $17 <= 0000eb9f
                 846@00003054: $11 <= 00006844
                 854@0000305c: $12 <= 00000000
                 858@00003060: $13 <= 0000df0c
                 862@00003064: $ 8 <= 00002eec
                 866@00003068: $17 <= ffffc2b3
                 870@0000306c: $18 <= 00000000
                 874@00003070: $17 <= 00000000
                 878@00003074: $12 <= 0000ffcd
                 882@00003078: $12 <= 0000363e
                 890@00003080: $12 <= 00006844
                 898@0000308c: *00002140 <= 2eec0000
                 898@00003088: $19 <= 00003500
                 918@00003094: $12 <= 00006845
                 990@0000309c: $13 <= 00000000
                 994@000030a0: $ 8 <= 00000000
                 998@000030a4: $21 <= 00002100
# exit 0
